<?xml version="1.1" encoding="UTF-8"?>
<testsuite name="com.netflix.paas.cassandra.provider.AstyanaxThriftTest" tests="2" failures="0" errors="0" timestamp="2013-10-25T20:40:14" hostname="lgml-ssingh" time="0.001">
  <properties/>
  <ignored-testcase name="testAdmin" classname="com.netflix.paas.cassandra.provider.AstyanaxThriftTest" time="0.0"/>
  <ignored-testcase name="testReadData" classname="com.netflix.paas.cassandra.provider.AstyanaxThriftTest" time="0.0"/>
  <system-out><![CDATA[]]></system-out>
  <system-err><![CDATA[]]></system-err>
</testsuite>
