<?xml version="1.1" encoding="UTF-8"?>
<testsuite name="com.netflix.paas.TrieTest" tests="1" failures="0" errors="0" timestamp="2013-10-25T20:40:16" hostname="lgml-ssingh" time="0.046">
  <properties/>
  <testcase name="testTrie" classname="com.netflix.paas.TrieTest" time="0.046"/>
  <system-out><![CDATA[null
 A
  B
   O
    U
     T
  L
   L
  N
   D
  R
   E
  S
  T
 B
  E
   E
    N
  U
   T
  Y
 C
  A
   L
    L
   N
  O
   M
    E
   U
    L
     D
 D
  A
   Y
  I
   D
  O
   W
    N
 E
  A
   C
    H
 F
  I
   N
    D
   R
    S
     T
  O
   R
  R
   O
    M
 G
  E
   T
  O
 H
  A
   D
   S
   V
    E
  E
   R
  I
   M
   S
  O
   W
 I
  F
  N
   T
    O
  S
  T
   S
 L
  I
   K
    E
  O
   N
    G
   O
    K
 M
  A
   D
    E
   K
    E
   N
    Y
   Y
  O
   R
    E
  Y
 N
  O
   T
   W
  U
   M
    B
     E
      R
 O
  F
  I
   L
  N
   E
  R
  T
   H
    E
     R
  U
   T
 P
  A
   R
    T
  E
   O
    P
     L
      E
 S
  A
   I
    D
  E
   E
  H
   E
  O
   M
    E
 T
  H
   A
    N
    T
   E
    I
     R
    M
    N
    R
     E
    S
     E
    Y
   I
    S
  I
   M
    E
  O
  W
   O
 U
  P
  S
   E
 W
  A
   S
   T
    E
     R
   Y
  E
   R
    E
  H
   A
    T
   E
    N
   I
    C
     H
   O
  I
   L
    L
   T
    H
  O
   R
    D
   U
    L
     D
  R
   I
    T
     E
 Y
  O
   U
    R
]]></system-out>
  <system-err><![CDATA[]]></system-err>
</testsuite>
